<?xml version="1.0" encoding="UTF-8"?>
<testng-results ignored="0" total="1" passed="1" failed="0" skipped="0">
  <reporter-output>
  </reporter-output>
  <suite started-at="2022-04-22T09:24:36 CDT" name="Surefire suite" finished-at="2022-04-22T09:24:46 CDT" duration-ms="10689">
    <groups>
    </groups>
    <test started-at="2022-04-22T09:24:36 CDT" name="Surefire test" finished-at="2022-04-22T09:24:46 CDT" duration-ms="10689">
      <class name="Hachion.MavenAutomation.ChomeTest">
        <test-method signature="chromeinvoke()[pri:0, instance:Hachion.MavenAutomation.ChomeTest@41ee392b]" started-at="2022-04-22T09:24:36 CDT" name="chromeinvoke" finished-at="2022-04-22T09:24:46 CDT" duration-ms="10557" status="PASS">
          <reporter-output>
          </reporter-output>
        </test-method> <!-- chromeinvoke -->
      </class> <!-- Hachion.MavenAutomation.ChomeTest -->
    </test> <!-- Surefire test -->
  </suite> <!-- Surefire suite -->
</testng-results>
