<?xml version="1.0" encoding="UTF-8"?>
<testng-results ignored="0" total="1" passed="1" failed="0" skipped="0">
  <reporter-output>
  </reporter-output>
  <suite started-at="2022-04-22T09:26:09 CDT" name="Default suite" finished-at="2022-04-22T09:26:19 CDT" duration-ms="10233">
    <groups>
    </groups>
    <test started-at="2022-04-22T09:26:09 CDT" name="Default test" finished-at="2022-04-22T09:26:19 CDT" duration-ms="10233">
      <class name="Hachion.MavenAutomation.ChomeTest">
        <test-method signature="chromeinvoke()[pri:0, instance:Hachion.MavenAutomation.ChomeTest@7e7be63f]" started-at="2022-04-22T09:26:09 CDT" name="chromeinvoke" finished-at="2022-04-22T09:26:19 CDT" duration-ms="10105" status="PASS">
          <reporter-output>
          </reporter-output>
        </test-method> <!-- chromeinvoke -->
      </class> <!-- Hachion.MavenAutomation.ChomeTest -->
    </test> <!-- Default test -->
  </suite> <!-- Default suite -->
</testng-results>
